#
# A fatal error has been detected by the Java Runtime Environment:
#
#  EXCEPTION_ACCESS_VIOLATION (0xc0000005) at pc=0x0000024ea0c534d3, pid=812, tid=9660
#
# JRE version: Java(TM) SE Runtime Environment (20.0+36) (build 20+36-2344)
# Java VM: Java HotSpot(TM) 64-Bit Server VM (20+36-2344, mixed mode, sharing, tiered, compressed oops, compressed class ptrs, g1 gc, windows-amd64)
# Problematic frame:
# v  ~BufferBlob::MethodHandles adapters 0x0000024ea0c534d3
#
# No core dump will be written. Minidumps are not enabled by default on client versions of Windows
#
# If you would like to submit a bug report, please visit:
#   https://bugreport.java.com/bugreport/crash.jsp
#

---------------  S U M M A R Y ------------

Command Line: -agentlib:jdwp=transport=dt_socket,address=127.0.0.1:59106,suspend=y,server=n -ea -Didea.test.cyclic.buffer.size=1048576 -javaagent:C:\Users\ittra\AppData\Local\JetBrains\IntelliJIdea2023.2\captureAgent\debugger-agent.jar -Dfile.encoding=UTF-8 -Dsun.stdout.encoding=UTF-8 -Dsun.stderr.encoding=UTF-8 com.intellij.rt.junit.JUnitStarter -ideVersion5 -junit5 com.example.prj.ItemRepositoryTest,findAllData

Host: AMD Ryzen 5 5600H with Radeon Graphics         , 12 cores, 15G,  Windows 11 , 64 bit Build 22621 (10.0.22621.3085)
Time: Fri Mar  1 14:46:37 2024 Nepal Standard Time elapsed time: 161.302317 seconds (0d 0h 2m 41s)

---------------  T H R E A D  ---------------

Current thread (0x0000024e9163caa0):  JavaThread "main" [_thread_in_Java, id=9660, stack(0x000000515d500000,0x000000515d600000)]

Stack: [0x000000515d500000,0x000000515d600000],  sp=0x000000515d5fcfc8,  free space=1011k
Native frames: (J=compiled Java code, j=interpreted, Vv=VM code, C=native code)
C  0x0000024ea0c534d3


siginfo: EXCEPTION_ACCESS_VIOLATION (0xc0000005), reading address 0xffffffffffffffff


Registers:
RAX=0x0000024ea0c1e7de, RBX=0x65746e692f6d6f63, RCX=0x000000515d5fcfd0, RDX=0x0000000000000002
RSP=0x000000515d5fcfc8, RBP=0x000000515d5fd018, RSI=0x0000024eb61734c8, RDI=0x0000024eb5bc33f0
R8 =0x0000000000000002, R9 =0x0000000000000002, R10=0x0000000800000000, R11=0x00000008000b8e90
R12=0x0000000000000000, R13=0x000000515d5fcfc8, R14=0x000000515d5fd038, R15=0x0000024e9163caa0
RIP=0x0000024ea0c534d3, EFLAGS=0x0000000000010246


Register to memory mapping:

RIP=0x0000024ea0c534d3 is at begin+71 in a stub
MethodHandle::interpreter_entry::_linkToSpecial [0x0000024ea0c5348c, 0x0000024ea0c534db] (79 bytes)
RAX=0x0000024ea0c1e7de is at code_begin+3294 in an Interpreter codelet
return entry points  [0x0000024ea0c1db00, 0x0000024ea0c1fb38]  8248 bytes
RBX=0x65746e692f6d6f63 is an unknown value
RCX=0x000000515d5fcfd0 is pointing into the stack for thread: 0x0000024e9163caa0
RDX=0x0000000000000002 is an unknown value
RSP=0x000000515d5fcfc8 is pointing into the stack for thread: 0x0000024e9163caa0
RBP=0x000000515d5fd018 is pointing into the stack for thread: 0x0000024e9163caa0
RSI=0x0000024eb61734c8 points into unknown readable memory: 0x880008b6d91cde1a | 1a de 1c d9 b6 08 00 88
RDI=0x0000024eb5bc33f0 points into unknown readable memory: 0x0000001800000070 | 70 00 00 00 18 00 00 00
R8 =0x0000000000000002 is an unknown value
R9 =0x0000000000000002 is an unknown value
R10=0x0000000800000000 is pointing into metadata
R11={method} {0x00000008000b8e98} 'newInvokeSpecial' '(Ljava/lang/Object;)Ljava/lang/Object;' in 'java/lang/invoke/DirectMethodHandle$Holder'
R12=0x0 is NULL
R13=0x000000515d5fcfc8 is pointing into the stack for thread: 0x0000024e9163caa0
R14=0x000000515d5fd038 is pointing into the stack for thread: 0x0000024e9163caa0
R15=0x0000024e9163caa0 is a thread


Top of Stack: (sp=0x000000515d5fcfc8)
0x000000515d5fcfc8:   0000024ea0c1e7de 000000515d5fcfd0
0x000000515d5fcfd8:   0000000800722977 000000515d5fd038
0x000000515d5fcfe8:   00000008000b4350 0000024eb1332a18
0x000000515d5fcff8:   000000070a67f5f8 00000008000b8e90
0x000000515d5fd008:   000000515d5fcfc8 000000515d5fd040
0x000000515d5fd018:   000000515d5fd2e8 0000024e999b85fd
0x000000515d5fd028:   000000071987f7c8 000000071987f870
0x000000515d5fd038:   000000071987f828 0000000800850b7e
0x000000515d5fd048:   000000071987f858 0000000000000000
0x000000515d5fd058:   000000515d5fd058 0000000800b989f0
0x000000515d5fd068:   000000515d5fd0c0 0000000800432928
0x000000515d5fd078:   0000000000000000 000000070a881af8
0x000000515d5fd088:   0000000800432468 0000000000000000
0x000000515d5fd098:   000000515d5fd0b8 000000515d5fd110
0x000000515d5fd0a8:   0000024ea0c1e7de 0000000000000000
0x000000515d5fd0b8:   000000071987f858 0000000717c02468
0x000000515d5fd0c8:   000000515d5fd0c8 0000000800b98a00
0x000000515d5fd0d8:   000000515d5fd130 000000071987f858
0x000000515d5fd0e8:   0000000719865c68 0000000000000000
0x000000515d5fd0f8:   0000000800432468 0000000000000000
0x000000515d5fd108:   000000515d5fd128 000000515d5fd180
0x000000515d5fd118:   0000024ea0c1e7de 000000071987f828
0x000000515d5fd128:   000000071987f858 000000071987f858
0x000000515d5fd138:   000000515d5fd138 0000000800b98b16
0x000000515d5fd148:   000000515d5fd1a0 0000000800432928
0x000000515d5fd158:   0000024eb12f2d78 000000070a881af8
0x000000515d5fd168:   0000000800432518 0000000000000000
0x000000515d5fd178:   000000515d5fd1b0 000000515d5fd2e8
0x000000515d5fd188:   0000024e999b561c 000000071987f858
0x000000515d5fd198:   0000024e999b746c 000000515d5fd2e8
0x000000515d5fd1a8:   0000024e999b578c 000000515d5fd1c8
0x000000515d5fd1b8:   000000515d5fd220 0000024ea0c1ebce 

Instructions: (pc=0x0000024ea0c534d3)
0x0000024ea0c533d3:   00 00 00 74 03 ff 63 38 ff 63 50 e9 9d 16 00 00
0x0000024ea0c533e3:   66 66 66 0f 1f 84 00 00 00 00 00 66 0f 1f 84 00
0x0000024ea0c533f3:   00 00 00 00 66 0f 1f 84 00 00 00 00 00 48 8b 53
0x0000024ea0c53403:   08 0f b7 52 2c 48 8b 0c d4 58 5b 50 44 8b 51 08
0x0000024ea0c53413:   49 bb 00 00 00 00 08 00 00 00 4d 03 d3 4c 8b 5b
0x0000024ea0c53423:   10 4b 8b 9c da c0 01 00 00 48 85 db 0f 84 10 00
0x0000024ea0c53433:   00 00 41 80 bf 08 05 00 00 00 74 03 ff 63 38 ff
0x0000024ea0c53443:   63 50 e9 36 16 00 00 66 66 66 0f 1f 84 00 00 00
0x0000024ea0c53453:   00 00 66 66 66 0f 1f 84 00 00 00 00 00 58 5b 50
0x0000024ea0c53463:   8b 5b 24 48 c1 e3 03 48 8b 5b 10 48 85 db 0f 84
0x0000024ea0c53473:   10 00 00 00 41 80 bf 08 05 00 00 00 74 03 ff 63
0x0000024ea0c53483:   38 ff 63 50 e9 f4 15 00 00 66 66 0f 1f 84 00 00
0x0000024ea0c53493:   00 00 00 66 66 0f 1f 84 00 00 00 00 00 48 8b 53
0x0000024ea0c534a3:   08 0f b7 52 2c 48 8b 0c d4 58 5b 50 48 3b 01 8b
0x0000024ea0c534b3:   5b 24 48 c1 e3 03 48 8b 5b 10 48 85 db 0f 84 10
0x0000024ea0c534c3:   00 00 00 41 80 bf 08 05 00 00 00 74 03 ff 63 38
0x0000024ea0c534d3:   ff 63 50 e9 a5 15 00 00 0f 1f 44 00 00 48 8b 53
0x0000024ea0c534e3:   08 0f b7 52 2c 48 8b 0c d4 58 5b 50 44 8b 51 08
0x0000024ea0c534f3:   49 bb 00 00 00 00 08 00 00 00 4d 03 d3 8b 43 18
0x0000024ea0c53503:   48 c1 e0 03 48 8b 40 10 48 8b 5b 10 45 8b 9a a0
0x0000024ea0c53513:   00 00 00 4f 8d 9c da c0 01 00 00 4d 8d 14 da 49
0x0000024ea0c53523:   8b 1b 48 3b c3 74 15 48 85 db 0f 84 32 00 00 00
0x0000024ea0c53533:   49 83 c3 10 49 8b 1b 48 3b c3 75 eb 45 8b 5b 08
0x0000024ea0c53543:   4b 8b 1c 1a 48 85 db 0f 84 10 00 00 00 41 80 bf
0x0000024ea0c53553:   08 05 00 00 00 74 03 ff 63 38 ff 63 50 e9 1b 15
0x0000024ea0c53563:   00 00 e9 16 12 00 00 f4 00 00 00 00 00 00 00 00
0x0000024ea0c53573:   00 00 00 00 00 00 00 00 00 00 00 00 00 00 00 00
0x0000024ea0c53583:   00 00 00 00 00 00 00 00 00 00 00 00 00 00 00 00
0x0000024ea0c53593:   00 00 00 00 00 00 00 00 00 00 00 00 00 00 00 00
0x0000024ea0c535a3:   00 00 00 00 00 00 00 00 00 00 00 00 00 00 00 00
0x0000024ea0c535b3:   00 00 00 00 00 00 00 00 00 00 00 00 00 00 00 00
0x0000024ea0c535c3:   00 00 00 00 00 00 00 00 00 00 00 00 00 00 00 00 


Stack slot to memory mapping:
stack at sp + 0 slots: 0x0000024ea0c1e7de is at code_begin+3294 in an Interpreter codelet
return entry points  [0x0000024ea0c1db00, 0x0000024ea0c1fb38]  8248 bytes
stack at sp + 1 slots: 0x000000515d5fcfd0 is pointing into the stack for thread: 0x0000024e9163caa0
stack at sp + 2 slots: 0x0000000800722977 is pointing into metadata
stack at sp + 3 slots: 0x000000515d5fd038 is pointing into the stack for thread: 0x0000024e9163caa0
stack at sp + 4 slots: 0x00000008000b4350 is pointing into metadata
stack at sp + 5 slots: 0x0000024eb1332a18 is pointing into metadata
stack at sp + 6 slots: 0x000000070a67f5f8 is an oop: java.lang.Class 
{0x000000070a67f5f8} - klass: 'java/lang/Class'
 - ---- fields (total size 14 words):
 - private volatile transient 'classRedefinedCount' 'I' @12  0 (0x00000000)
 - abstract internal 'klass' 'J' @16  34360475432 (0x00000008000b3f28)
 - abstract internal 'array_klass' 'J' @24  0 (0x0000000000000000)
 - abstract internal 'oop_size' 'I' @32  14 (0x0000000e)
 - abstract internal 'static_oop_field_count' 'I' @36  0 (0x00000000)
 - private volatile transient 'cachedConstructor' 'Ljava/lang/reflect/Constructor;' @40  NULL (0x00000000)
 - private transient 'name' 'Ljava/lang/String;' @44  "java.lang.invoke.DirectMethodHandle$Holder"{0x000000070a67f668} (0xe14cfecd)
 - private transient 'module' 'Ljava/lang/Module;' @48  a 'java/lang/Module'{0x000000070a672b88} (0xe14ce571)
 - private final 'classLoader' 'Ljava/lang/ClassLoader;' @52  NULL (0x00000000)
 - private transient 'classData' 'Ljava/lang/Object;' @56  NULL (0x00000000)
 - private transient 'packageName' 'Ljava/lang/String;' @60  NULL (0x00000000)
 - private final 'componentType' 'Ljava/lang/Class;' @64  NULL (0x00000000)
 - private volatile transient 'reflectionData' 'Ljava/lang/ref/SoftReference;' @68  NULL (0x00000000)
 - private volatile transient 'genericInfo' 'Lsun/reflect/generics/repository/ClassRepository;' @72  NULL (0x00000000)
 - private volatile transient 'enumConstants' '[Ljava/lang/Object;' @76  NULL (0x00000000)
 - private volatile transient 'enumConstantDirectory' 'Ljava/util/Map;' @80  NULL (0x00000000)
 - private volatile transient 'annotationData' 'Ljava/lang/Class$AnnotationData;' @84  NULL (0x00000000)
 - private volatile transient 'annotationType' 'Lsun/reflect/annotation/AnnotationType;' @88  NULL (0x00000000)
 - transient 'classValueMap' 'Ljava/lang/ClassValue$ClassValueMap;' @92  NULL (0x00000000)
 - abstract internal 'protection_domain' 'Ljava/lang/Object;' @96  NULL (0x00000000)
 - abstract internal 'signers_name' 'Ljava/lang/Object;' @100  NULL (0x00000000)
 - abstract internal 'source_file' 'Ljava/lang/Object;' @104  NULL (0x00000000)
 - signature: Ljava/lang/invoke/DirectMethodHandle$Holder;
 - ---- static fields (0):
stack at sp + 7 slots: {method} {0x00000008000b8e98} 'newInvokeSpecial' '(Ljava/lang/Object;)Ljava/lang/Object;' in 'java/lang/invoke/DirectMethodHandle$Holder'

MethodHandle::interpreter_entry::_linkToSpecial [0x0000024ea0c5348c, 0x0000024ea0c534db] (79 bytes)
[MachCode]
  0x0000024ea0c5348c: 6666 0f1f | 8400 0000 | 0000 6666 | 0f1f 8400 | 0000 0000 | 488b 5308 | 0fb7 522c | 488b 0cd4 
  0x0000024ea0c534ac: 585b 5048 | 3b01 8b5b | 2448 c1e3 | 0348 8b5b | 1048 85db | 0f84 1000 | 0000 4180 | bf08 0500 
  0x0000024ea0c534cc: 0000 7403 | ff63 38ff | 6350 e9a5 | 
[/MachCode]

---------------  P R O C E S S  ---------------

Threads class SMR info:
_java_thread_list=0x0000024eb542bb10, length=13, elements={
0x0000024e9163caa0, 0x0000024eb04bff70, 0x0000024eb04c0b70, 0x0000024eb04c4120,
0x0000024eb04c5a70, 0x0000024eb04c64e0, 0x0000024eb04c7c90, 0x0000024eb50113e0,
0x0000024eb04cd460, 0x0000024eb50f9420, 0x0000024eb51aa020, 0x0000024eb51aeab0,
0x0000024eb51fbd20
}

Java Threads: ( => current thread )
=>0x0000024e9163caa0 JavaThread "main" [_thread_in_Java, id=9660, stack(0x000000515d500000,0x000000515d600000)]
  0x0000024eb04bff70 JavaThread "Reference Handler" daemon [_thread_blocked, id=5452, stack(0x000000515dc00000,0x000000515dd00000)]
  0x0000024eb04c0b70 JavaThread "Finalizer" daemon [_thread_blocked, id=16560, stack(0x000000515dd00000,0x000000515de00000)]
  0x0000024eb04c4120 JavaThread "Signal Dispatcher" daemon [_thread_blocked, id=15612, stack(0x000000515de00000,0x000000515df00000)]
  0x0000024eb04c5a70 JavaThread "Attach Listener" daemon [_thread_blocked, id=9116, stack(0x000000515df00000,0x000000515e000000)]
  0x0000024eb04c64e0 JavaThread "Service Thread" daemon [_thread_blocked, id=15028, stack(0x000000515e000000,0x000000515e100000)]
  0x0000024eb04c7c90 JavaThread "Monitor Deflation Thread" daemon [_thread_blocked, id=17652, stack(0x000000515e100000,0x000000515e200000)]
  0x0000024eb50113e0 JavaThread "C2 CompilerThread0" daemon [_thread_blocked, id=19008, stack(0x000000515e200000,0x000000515e300000)]
  0x0000024eb04cd460 JavaThread "C1 CompilerThread0" daemon [_thread_blocked, id=13640, stack(0x000000515e300000,0x000000515e400000)]
  0x0000024eb50f9420 JavaThread "Common-Cleaner" daemon [_thread_blocked, id=15468, stack(0x000000515e400000,0x000000515e500000)]
  0x0000024eb51aa020 JavaThread "JDWP Transport Listener: dt_socket" daemon [_thread_blocked, id=18476, stack(0x000000515e500000,0x000000515e600000)]
  0x0000024eb51aeab0 JavaThread "JDWP Event Helper Thread" daemon [_thread_blocked, id=9972, stack(0x000000515e600000,0x000000515e700000)]
  0x0000024eb51fbd20 JavaThread "Notification Thread" daemon [_thread_blocked, id=10552, stack(0x000000515e800000,0x000000515e900000)]

Other Threads:
  0x0000024eb04a3570 VMThread "VM Thread" [stack: 0x000000515db00000,0x000000515dc00000] [id=17676] _threads_hazard_ptr=0x0000024eb542bb10
  0x0000024eb51e4aa0 WatcherThread "VM Periodic Task Thread" [stack: 0x000000515e900000,0x000000515ea00000] [id=18724]
  0x0000024e916a6250 WorkerThread "GC Thread#0" [stack: 0x000000515d600000,0x000000515d700000] [id=9844]
  0x0000024eb5936710 WorkerThread "GC Thread#1" [stack: 0x000000515eb00000,0x000000515ec00000] [id=18716]
  0x0000024eb5bc5ef0 WorkerThread "GC Thread#2" [stack: 0x000000515ec00000,0x000000515ed00000] [id=18688]
  0x0000024eb5b99310 WorkerThread "GC Thread#3" [stack: 0x000000515ed00000,0x000000515ee00000] [id=2596]
  0x0000024eb5b995e0 WorkerThread "GC Thread#4" [stack: 0x000000515ee00000,0x000000515ef00000] [id=3684]
  0x0000024eb5b987d0 WorkerThread "GC Thread#5" [stack: 0x000000515ef00000,0x000000515f000000] [id=8900]
  0x0000024eb5b998b0 WorkerThread "GC Thread#6" [stack: 0x000000515f000000,0x000000515f100000] [id=10560]
  0x0000024eb5b98d70 WorkerThread "GC Thread#7" [stack: 0x000000515f100000,0x000000515f200000] [id=18312]
  0x0000024eb5b99e50 WorkerThread "GC Thread#8" [stack: 0x000000515f200000,0x000000515f300000] [id=3120]
  0x0000024eb5b99040 WorkerThread "GC Thread#9" [stack: 0x000000515f300000,0x000000515f400000] [id=9652]
  0x0000024e916b4a70 ConcurrentGCThread "G1 Main Marker" [stack: 0x000000515d700000,0x000000515d800000] [id=15768]
  0x0000024e8f42e0c0 WorkerThread "G1 Conc#0" [stack: 0x000000515d800000,0x000000515d900000] [id=8540]
  0x0000024e916de4f0 ConcurrentGCThread "G1 Refine#0" [stack: 0x000000515d900000,0x000000515da00000] [id=19436]
  0x0000024eb0365470 ConcurrentGCThread "G1 Service" [stack: 0x000000515da00000,0x000000515db00000] [id=14672]

Threads with active compile tasks:

VM state: synchronizing (normal execution)

VM Mutex/Monitor currently owned by a thread:  ([mutex/lock_event])
[0x0000024e91638740] Threads_lock - owner thread: 0x0000024eb04a3570

Heap address: 0x000000070a400000, size: 3932 MB, Compressed Oops mode: Zero based, Oop shift amount: 3

CDS archive(s) mapped at: [0x0000000800000000-0x0000000800c60000-0x0000000800c60000), size 12976128, SharedBaseAddress: 0x0000000800000000, ArchiveRelocationMode: 0.
Compressed class space mapped at: 0x0000000801000000-0x0000000841000000, reserved size: 1073741824
Narrow klass base: 0x0000000800000000, Narrow klass shift: 0, Narrow klass range: 0x100000000

GC Precious Log:
 CardTable entry size: 512
 Card Set container configuration: InlinePtr #cards 4 size 8 Array Of Cards #cards 16 size 48 Howl #buckets 8 coarsen threshold 3686 Howl Bitmap #cards 512 size 80 coarsen threshold 460 Card regions per heap region 1 cards per card region 4096
 CPUs: 12 total, 12 available
 Memory: 15724M
 Large Page Support: Disabled
 NUMA Support: Disabled
 Compressed Oops: Enabled (Zero based)
 Heap Region Size: 2M
 Heap Min Capacity: 8M
 Heap Initial Capacity: 246M
 Heap Max Capacity: 3932M
 Pre-touch: Disabled
 Parallel Workers: 10
 Concurrent Workers: 3
 Concurrent Refinement Workers: 10
 Periodic GC: Disabled

Heap:
 garbage-first heap   total 251904K, used 8736K [0x000000070a400000, 0x0000000800000000)
  region size 2048K, 2 young (4096K), 1 survivors (2048K)
 Metaspace       used 9262K, committed 9472K, reserved 1114112K
  class space    used 1138K, committed 1216K, reserved 1048576K

Heap Regions: E=young(eden), S=young(survivor), O=old, HS=humongous(starts), HC=humongous(continues), CS=collection set, F=free, OA=open archive, CA=closed archive, TAMS=top-at-mark-start, PB=parsable bottom
|   0|0x000000070a400000, 0x000000070a600000, 0x000000070a600000|100%| O|  |TAMS 0x000000070a400000| PB 0x000000070a400000| Untracked 
|   1|0x000000070a600000, 0x000000070a800000, 0x000000070a800000|100%| O|  |TAMS 0x000000070a600000| PB 0x000000070a600000| Untracked 
|   2|0x000000070a800000, 0x000000070aa00000, 0x000000070aa00000|100%| O|  |TAMS 0x000000070a800000| PB 0x000000070a800000| Untracked 
|   3|0x000000070aa00000, 0x000000070aa88200, 0x000000070ac00000| 26%| O|  |TAMS 0x000000070aa00000| PB 0x000000070aa00000| Untracked 
|   4|0x000000070ac00000, 0x000000070ac00000, 0x000000070ae00000|  0%| F|  |TAMS 0x000000070ac00000| PB 0x000000070ac00000| Untracked 
|   5|0x000000070ae00000, 0x000000070ae00000, 0x000000070b000000|  0%| F|  |TAMS 0x000000070ae00000| PB 0x000000070ae00000| Untracked 
|   6|0x000000070b000000, 0x000000070b000000, 0x000000070b200000|  0%| F|  |TAMS 0x000000070b000000| PB 0x000000070b000000| Untracked 
|   7|0x000000070b200000, 0x000000070b200000, 0x000000070b400000|  0%| F|  |TAMS 0x000000070b200000| PB 0x000000070b200000| Untracked 
|   8|0x000000070b400000, 0x000000070b400000, 0x000000070b600000|  0%| F|  |TAMS 0x000000070b400000| PB 0x000000070b400000| Untracked 
|   9|0x000000070b600000, 0x000000070b600000, 0x000000070b800000|  0%| F|  |TAMS 0x000000070b600000| PB 0x000000070b600000| Untracked 
|  10|0x000000070b800000, 0x000000070b800000, 0x000000070ba00000|  0%| F|  |TAMS 0x000000070b800000| PB 0x000000070b800000| Untracked 
|  11|0x000000070ba00000, 0x000000070ba00000, 0x000000070bc00000|  0%| F|  |TAMS 0x000000070ba00000| PB 0x000000070ba00000| Untracked 
|  12|0x000000070bc00000, 0x000000070bc00000, 0x000000070be00000|  0%| F|  |TAMS 0x000000070bc00000| PB 0x000000070bc00000| Untracked 
|  13|0x000000070be00000, 0x000000070be00000, 0x000000070c000000|  0%| F|  |TAMS 0x000000070be00000| PB 0x000000070be00000| Untracked 
|  14|0x000000070c000000, 0x000000070c000000, 0x000000070c200000|  0%| F|  |TAMS 0x000000070c000000| PB 0x000000070c000000| Untracked 
|  15|0x000000070c200000, 0x000000070c200000, 0x000000070c400000|  0%| F|  |TAMS 0x000000070c200000| PB 0x000000070c200000| Untracked 
|  16|0x000000070c400000, 0x000000070c400000, 0x000000070c600000|  0%| F|  |TAMS 0x000000070c400000| PB 0x000000070c400000| Untracked 
|  17|0x000000070c600000, 0x000000070c600000, 0x000000070c800000|  0%| F|  |TAMS 0x000000070c600000| PB 0x000000070c600000| Untracked 
|  18|0x000000070c800000, 0x000000070c800000, 0x000000070ca00000|  0%| F|  |TAMS 0x000000070c800000| PB 0x000000070c800000| Untracked 
|  19|0x000000070ca00000, 0x000000070ca00000, 0x000000070cc00000|  0%| F|  |TAMS 0x000000070ca00000| PB 0x000000070ca00000| Untracked 
|  20|0x000000070cc00000, 0x000000070cc00000, 0x000000070ce00000|  0%| F|  |TAMS 0x000000070cc00000| PB 0x000000070cc00000| Untracked 
|  21|0x000000070ce00000, 0x000000070ce00000, 0x000000070d000000|  0%| F|  |TAMS 0x000000070ce00000| PB 0x000000070ce00000| Untracked 
|  22|0x000000070d000000, 0x000000070d000000, 0x000000070d200000|  0%| F|  |TAMS 0x000000070d000000| PB 0x000000070d000000| Untracked 
|  23|0x000000070d200000, 0x000000070d200000, 0x000000070d400000|  0%| F|  |TAMS 0x000000070d200000| PB 0x000000070d200000| Untracked 
|  24|0x000000070d400000, 0x000000070d400000, 0x000000070d600000|  0%| F|  |TAMS 0x000000070d400000| PB 0x000000070d400000| Untracked 
|  25|0x000000070d600000, 0x000000070d600000, 0x000000070d800000|  0%| F|  |TAMS 0x000000070d600000| PB 0x000000070d600000| Untracked 
|  26|0x000000070d800000, 0x000000070d800000, 0x000000070da00000|  0%| F|  |TAMS 0x000000070d800000| PB 0x000000070d800000| Untracked 
|  27|0x000000070da00000, 0x000000070da00000, 0x000000070dc00000|  0%| F|  |TAMS 0x000000070da00000| PB 0x000000070da00000| Untracked 
|  28|0x000000070dc00000, 0x000000070dc00000, 0x000000070de00000|  0%| F|  |TAMS 0x000000070dc00000| PB 0x000000070dc00000| Untracked 
|  29|0x000000070de00000, 0x000000070de00000, 0x000000070e000000|  0%| F|  |TAMS 0x000000070de00000| PB 0x000000070de00000| Untracked 
|  30|0x000000070e000000, 0x000000070e000000, 0x000000070e200000|  0%| F|  |TAMS 0x000000070e000000| PB 0x000000070e000000| Untracked 
|  31|0x000000070e200000, 0x000000070e200000, 0x000000070e400000|  0%| F|  |TAMS 0x000000070e200000| PB 0x000000070e200000| Untracked 
|  32|0x000000070e400000, 0x000000070e400000, 0x000000070e600000|  0%| F|  |TAMS 0x000000070e400000| PB 0x000000070e400000| Untracked 
|  33|0x000000070e600000, 0x000000070e600000, 0x000000070e800000|  0%| F|  |TAMS 0x000000070e600000| PB 0x000000070e600000| Untracked 
|  34|0x000000070e800000, 0x000000070e800000, 0x000000070ea00000|  0%| F|  |TAMS 0x000000070e800000| PB 0x000000070e800000| Untracked 
|  35|0x000000070ea00000, 0x000000070ea00000, 0x000000070ec00000|  0%| F|  |TAMS 0x000000070ea00000| PB 0x000000070ea00000| Untracked 
|  36|0x000000070ec00000, 0x000000070ec00000, 0x000000070ee00000|  0%| F|  |TAMS 0x000000070ec00000| PB 0x000000070ec00000| Untracked 
|  37|0x000000070ee00000, 0x000000070ee00000, 0x000000070f000000|  0%| F|  |TAMS 0x000000070ee00000| PB 0x000000070ee00000| Untracked 
|  38|0x000000070f000000, 0x000000070f000000, 0x000000070f200000|  0%| F|  |TAMS 0x000000070f000000| PB 0x000000070f000000| Untracked 
|  39|0x000000070f200000, 0x000000070f200000, 0x000000070f400000|  0%| F|  |TAMS 0x000000070f200000| PB 0x000000070f200000| Untracked 
|  40|0x000000070f400000, 0x000000070f400000, 0x000000070f600000|  0%| F|  |TAMS 0x000000070f400000| PB 0x000000070f400000| Untracked 
|  41|0x000000070f600000, 0x000000070f600000, 0x000000070f800000|  0%| F|  |TAMS 0x000000070f600000| PB 0x000000070f600000| Untracked 
|  42|0x000000070f800000, 0x000000070f800000, 0x000000070fa00000|  0%| F|  |TAMS 0x000000070f800000| PB 0x000000070f800000| Untracked 
|  43|0x000000070fa00000, 0x000000070fa00000, 0x000000070fc00000|  0%| F|  |TAMS 0x000000070fa00000| PB 0x000000070fa00000| Untracked 
|  44|0x000000070fc00000, 0x000000070fc00000, 0x000000070fe00000|  0%| F|  |TAMS 0x000000070fc00000| PB 0x000000070fc00000| Untracked 
|  45|0x000000070fe00000, 0x000000070fe00000, 0x0000000710000000|  0%| F|  |TAMS 0x000000070fe00000| PB 0x000000070fe00000| Untracked 
|  46|0x0000000710000000, 0x0000000710000000, 0x0000000710200000|  0%| F|  |TAMS 0x0000000710000000| PB 0x0000000710000000| Untracked 
|  47|0x0000000710200000, 0x0000000710200000, 0x0000000710400000|  0%| F|  |TAMS 0x0000000710200000| PB 0x0000000710200000| Untracked 
|  48|0x0000000710400000, 0x0000000710400000, 0x0000000710600000|  0%| F|  |TAMS 0x0000000710400000| PB 0x0000000710400000| Untracked 
|  49|0x0000000710600000, 0x0000000710600000, 0x0000000710800000|  0%| F|  |TAMS 0x0000000710600000| PB 0x0000000710600000| Untracked 
|  50|0x0000000710800000, 0x0000000710800000, 0x0000000710a00000|  0%| F|  |TAMS 0x0000000710800000| PB 0x0000000710800000| Untracked 
|  51|0x0000000710a00000, 0x0000000710a00000, 0x0000000710c00000|  0%| F|  |TAMS 0x0000000710a00000| PB 0x0000000710a00000| Untracked 
|  52|0x0000000710c00000, 0x0000000710c00000, 0x0000000710e00000|  0%| F|  |TAMS 0x0000000710c00000| PB 0x0000000710c00000| Untracked 
|  53|0x0000000710e00000, 0x0000000710e00000, 0x0000000711000000|  0%| F|  |TAMS 0x0000000710e00000| PB 0x0000000710e00000| Untracked 
|  54|0x0000000711000000, 0x0000000711000000, 0x0000000711200000|  0%| F|  |TAMS 0x0000000711000000| PB 0x0000000711000000| Untracked 
|  55|0x0000000711200000, 0x0000000711200000, 0x0000000711400000|  0%| F|  |TAMS 0x0000000711200000| PB 0x0000000711200000| Untracked 
|  56|0x0000000711400000, 0x0000000711400000, 0x0000000711600000|  0%| F|  |TAMS 0x0000000711400000| PB 0x0000000711400000| Untracked 
|  57|0x0000000711600000, 0x0000000711600000, 0x0000000711800000|  0%| F|  |TAMS 0x0000000711600000| PB 0x0000000711600000| Untracked 
|  58|0x0000000711800000, 0x0000000711800000, 0x0000000711a00000|  0%| F|  |TAMS 0x0000000711800000| PB 0x0000000711800000| Untracked 
|  59|0x0000000711a00000, 0x0000000711a00000, 0x0000000711c00000|  0%| F|  |TAMS 0x0000000711a00000| PB 0x0000000711a00000| Untracked 
|  60|0x0000000711c00000, 0x0000000711c00000, 0x0000000711e00000|  0%| F|  |TAMS 0x0000000711c00000| PB 0x0000000711c00000| Untracked 
|  61|0x0000000711e00000, 0x0000000711e00000, 0x0000000712000000|  0%| F|  |TAMS 0x0000000711e00000| PB 0x0000000711e00000| Untracked 
|  62|0x0000000712000000, 0x0000000712000000, 0x0000000712200000|  0%| F|  |TAMS 0x0000000712000000| PB 0x0000000712000000| Untracked 
|  63|0x0000000712200000, 0x0000000712200000, 0x0000000712400000|  0%| F|  |TAMS 0x0000000712200000| PB 0x0000000712200000| Untracked 
|  64|0x0000000712400000, 0x0000000712400000, 0x0000000712600000|  0%| F|  |TAMS 0x0000000712400000| PB 0x0000000712400000| Untracked 
|  65|0x0000000712600000, 0x0000000712600000, 0x0000000712800000|  0%| F|  |TAMS 0x0000000712600000| PB 0x0000000712600000| Untracked 
|  66|0x0000000712800000, 0x0000000712800000, 0x0000000712a00000|  0%| F|  |TAMS 0x0000000712800000| PB 0x0000000712800000| Untracked 
|  67|0x0000000712a00000, 0x0000000712a00000, 0x0000000712c00000|  0%| F|  |TAMS 0x0000000712a00000| PB 0x0000000712a00000| Untracked 
|  68|0x0000000712c00000, 0x0000000712c00000, 0x0000000712e00000|  0%| F|  |TAMS 0x0000000712c00000| PB 0x0000000712c00000| Untracked 
|  69|0x0000000712e00000, 0x0000000712e00000, 0x0000000713000000|  0%| F|  |TAMS 0x0000000712e00000| PB 0x0000000712e00000| Untracked 
|  70|0x0000000713000000, 0x0000000713000000, 0x0000000713200000|  0%| F|  |TAMS 0x0000000713000000| PB 0x0000000713000000| Untracked 
|  71|0x0000000713200000, 0x0000000713200000, 0x0000000713400000|  0%| F|  |TAMS 0x0000000713200000| PB 0x0000000713200000| Untracked 
|  72|0x0000000713400000, 0x0000000713400000, 0x0000000713600000|  0%| F|  |TAMS 0x0000000713400000| PB 0x0000000713400000| Untracked 
|  73|0x0000000713600000, 0x0000000713600000, 0x0000000713800000|  0%| F|  |TAMS 0x0000000713600000| PB 0x0000000713600000| Untracked 
|  74|0x0000000713800000, 0x0000000713800000, 0x0000000713a00000|  0%| F|  |TAMS 0x0000000713800000| PB 0x0000000713800000| Untracked 
|  75|0x0000000713a00000, 0x0000000713a00000, 0x0000000713c00000|  0%| F|  |TAMS 0x0000000713a00000| PB 0x0000000713a00000| Untracked 
|  76|0x0000000713c00000, 0x0000000713c00000, 0x0000000713e00000|  0%| F|  |TAMS 0x0000000713c00000| PB 0x0000000713c00000| Untracked 
|  77|0x0000000713e00000, 0x0000000713e00000, 0x0000000714000000|  0%| F|  |TAMS 0x0000000713e00000| PB 0x0000000713e00000| Untracked 
|  78|0x0000000714000000, 0x0000000714000000, 0x0000000714200000|  0%| F|  |TAMS 0x0000000714000000| PB 0x0000000714000000| Untracked 
|  79|0x0000000714200000, 0x0000000714200000, 0x0000000714400000|  0%| F|  |TAMS 0x0000000714200000| PB 0x0000000714200000| Untracked 
|  80|0x0000000714400000, 0x0000000714400000, 0x0000000714600000|  0%| F|  |TAMS 0x0000000714400000| PB 0x0000000714400000| Untracked 
|  81|0x0000000714600000, 0x0000000714600000, 0x0000000714800000|  0%| F|  |TAMS 0x0000000714600000| PB 0x0000000714600000| Untracked 
|  82|0x0000000714800000, 0x0000000714800000, 0x0000000714a00000|  0%| F|  |TAMS 0x0000000714800000| PB 0x0000000714800000| Untracked 
|  83|0x0000000714a00000, 0x0000000714a00000, 0x0000000714c00000|  0%| F|  |TAMS 0x0000000714a00000| PB 0x0000000714a00000| Untracked 
|  84|0x0000000714c00000, 0x0000000714c00000, 0x0000000714e00000|  0%| F|  |TAMS 0x0000000714c00000| PB 0x0000000714c00000| Untracked 
|  85|0x0000000714e00000, 0x0000000714e00000, 0x0000000715000000|  0%| F|  |TAMS 0x0000000714e00000| PB 0x0000000714e00000| Untracked 
|  86|0x0000000715000000, 0x0000000715000000, 0x0000000715200000|  0%| F|  |TAMS 0x0000000715000000| PB 0x0000000715000000| Untracked 
|  87|0x0000000715200000, 0x0000000715200000, 0x0000000715400000|  0%| F|  |TAMS 0x0000000715200000| PB 0x0000000715200000| Untracked 
|  88|0x0000000715400000, 0x0000000715400000, 0x0000000715600000|  0%| F|  |TAMS 0x0000000715400000| PB 0x0000000715400000| Untracked 
|  89|0x0000000715600000, 0x0000000715600000, 0x0000000715800000|  0%| F|  |TAMS 0x0000000715600000| PB 0x0000000715600000| Untracked 
|  90|0x0000000715800000, 0x0000000715800000, 0x0000000715a00000|  0%| F|  |TAMS 0x0000000715800000| PB 0x0000000715800000| Untracked 
|  91|0x0000000715a00000, 0x0000000715a00000, 0x0000000715c00000|  0%| F|  |TAMS 0x0000000715a00000| PB 0x0000000715a00000| Untracked 
|  92|0x0000000715c00000, 0x0000000715c00000, 0x0000000715e00000|  0%| F|  |TAMS 0x0000000715c00000| PB 0x0000000715c00000| Untracked 
|  93|0x0000000715e00000, 0x0000000715e00000, 0x0000000716000000|  0%| F|  |TAMS 0x0000000715e00000| PB 0x0000000715e00000| Untracked 
|  94|0x0000000716000000, 0x0000000716000000, 0x0000000716200000|  0%| F|  |TAMS 0x0000000716000000| PB 0x0000000716000000| Untracked 
|  95|0x0000000716200000, 0x0000000716200000, 0x0000000716400000|  0%| F|  |TAMS 0x0000000716200000| PB 0x0000000716200000| Untracked 
|  96|0x0000000716400000, 0x0000000716400000, 0x0000000716600000|  0%| F|  |TAMS 0x0000000716400000| PB 0x0000000716400000| Untracked 
|  97|0x0000000716600000, 0x0000000716600000, 0x0000000716800000|  0%| F|  |TAMS 0x0000000716600000| PB 0x0000000716600000| Untracked 
|  98|0x0000000716800000, 0x0000000716800000, 0x0000000716a00000|  0%| F|  |TAMS 0x0000000716800000| PB 0x0000000716800000| Untracked 
|  99|0x0000000716a00000, 0x0000000716a00000, 0x0000000716c00000|  0%| F|  |TAMS 0x0000000716a00000| PB 0x0000000716a00000| Untracked 
| 100|0x0000000716c00000, 0x0000000716c00000, 0x0000000716e00000|  0%| F|  |TAMS 0x0000000716c00000| PB 0x0000000716c00000| Untracked 
| 101|0x0000000716e00000, 0x0000000716e00000, 0x0000000717000000|  0%| F|  |TAMS 0x0000000716e00000| PB 0x0000000716e00000| Untracked 
| 102|0x0000000717000000, 0x0000000717000000, 0x0000000717200000|  0%| F|  |TAMS 0x0000000717000000| PB 0x0000000717000000| Untracked 
| 103|0x0000000717200000, 0x0000000717200000, 0x0000000717400000|  0%| F|  |TAMS 0x0000000717200000| PB 0x0000000717200000| Untracked 
| 104|0x0000000717400000, 0x0000000717400000, 0x0000000717600000|  0%| F|  |TAMS 0x0000000717400000| PB 0x0000000717400000| Untracked 
| 105|0x0000000717600000, 0x0000000717600000, 0x0000000717800000|  0%| F|  |TAMS 0x0000000717600000| PB 0x0000000717600000| Untracked 
| 106|0x0000000717800000, 0x0000000717800000, 0x0000000717a00000|  0%| F|  |TAMS 0x0000000717800000| PB 0x0000000717800000| Untracked 
| 107|0x0000000717a00000, 0x0000000717a00000, 0x0000000717c00000|  0%| F|  |TAMS 0x0000000717a00000| PB 0x0000000717a00000| Untracked 
| 108|0x0000000717c00000, 0x0000000717e00000, 0x0000000717e00000|100%| S|CS|TAMS 0x0000000717c00000| PB 0x0000000717c00000| Complete 
| 109|0x0000000717e00000, 0x0000000717e00000, 0x0000000718000000|  0%| F|  |TAMS 0x0000000717e00000| PB 0x0000000717e00000| Untracked 
| 110|0x0000000718000000, 0x0000000718000000, 0x0000000718200000|  0%| F|  |TAMS 0x0000000718000000| PB 0x0000000718000000| Untracked 
| 111|0x0000000718200000, 0x0000000718200000, 0x0000000718400000|  0%| F|  |TAMS 0x0000000718200000| PB 0x0000000718200000| Untracked 
| 112|0x0000000718400000, 0x0000000718400000, 0x0000000718600000|  0%| F|  |TAMS 0x0000000718400000| PB 0x0000000718400000| Untracked 
| 113|0x0000000718600000, 0x0000000718600000, 0x0000000718800000|  0%| F|  |TAMS 0x0000000718600000| PB 0x0000000718600000| Untracked 
| 114|0x0000000718800000, 0x0000000718800000, 0x0000000718a00000|  0%| F|  |TAMS 0x0000000718800000| PB 0x0000000718800000| Untracked 
| 115|0x0000000718a00000, 0x0000000718a00000, 0x0000000718c00000|  0%| F|  |TAMS 0x0000000718a00000| PB 0x0000000718a00000| Untracked 
| 116|0x0000000718c00000, 0x0000000718c00000, 0x0000000718e00000|  0%| F|  |TAMS 0x0000000718c00000| PB 0x0000000718c00000| Untracked 
| 117|0x0000000718e00000, 0x0000000718e00000, 0x0000000719000000|  0%| F|  |TAMS 0x0000000718e00000| PB 0x0000000718e00000| Untracked 
| 118|0x0000000719000000, 0x0000000719000000, 0x0000000719200000|  0%| F|  |TAMS 0x0000000719000000| PB 0x0000000719000000| Untracked 
| 119|0x0000000719200000, 0x0000000719200000, 0x0000000719400000|  0%| F|  |TAMS 0x0000000719200000| PB 0x0000000719200000| Untracked 
| 120|0x0000000719400000, 0x0000000719400000, 0x0000000719600000|  0%| F|  |TAMS 0x0000000719400000| PB 0x0000000719400000| Untracked 
| 121|0x0000000719600000, 0x0000000719600000, 0x0000000719800000|  0%| F|  |TAMS 0x0000000719600000| PB 0x0000000719600000| Untracked 
| 122|0x0000000719800000, 0x00000007199194e8, 0x0000000719a00000| 54%| E|  |TAMS 0x0000000719800000| PB 0x0000000719800000| Complete 

Card table byte_map: [0x0000024ea93e0000,0x0000024ea9b90000] _byte_map_base: 0x0000024ea5b8e000

Marking Bits: (CMBitMap*) 0x0000024e916a6790
 Bits: [0x0000024eaa340000, 0x0000024eae0b0000)

Polling page: 0x0000024e8f300000

Metaspace:

Usage:
  Non-class:      7.93 MB used.
      Class:      1.11 MB used.
       Both:      9.04 MB used.

Virtual space:
  Non-class space:       64.00 MB reserved,       8.06 MB ( 13%) committed,  1 nodes.
      Class space:        1.00 GB reserved,       1.19 MB ( <1%) committed,  1 nodes.
             Both:        1.06 GB reserved,       9.25 MB ( <1%) committed. 

Chunk freelists:
   Non-Class:  3.20 MB
       Class:  2.75 MB
        Both:  5.96 MB

MaxMetaspaceSize: unlimited
CompressedClassSpaceSize: 1.00 GB
Initial GC threshold: 21.00 MB
Current GC threshold: 21.00 MB
CDS: on
MetaspaceReclaimPolicy: balanced
 - commit_granule_bytes: 65536.
 - commit_granule_words: 8192.
 - virtual_space_node_default_size: 8388608.
 - enlarge_chunks_in_place: 1.
 - new_chunks_are_fully_committed: 0.
 - uncommit_free_chunks: 1.
 - use_allocation_guard: 0.


Internal statistics:

num_allocs_failed_limit: 0.
num_arena_births: 212.
num_arena_deaths: 0.
num_vsnodes_births: 2.
num_vsnodes_deaths: 0.
num_space_committed: 148.
num_space_uncommitted: 0.
num_chunks_returned_to_freelist: 0.
num_chunks_taken_from_freelist: 555.
num_chunk_merges: 0.
num_chunk_splits: 321.
num_chunks_enlarged: 192.
num_inconsistent_stats: 0.

CodeHeap 'non-profiled nmethods': size=120000Kb used=650Kb max_used=650Kb free=119349Kb
 bounds [0x0000024ea11a0000, 0x0000024ea1410000, 0x0000024ea86d0000]
CodeHeap 'profiled nmethods': size=120000Kb used=3592Kb max_used=3592Kb free=116407Kb
 bounds [0x0000024e996d0000, 0x0000024e99a60000, 0x0000024ea0c00000]
CodeHeap 'non-nmethods': size=5760Kb used=1497Kb max_used=1536Kb free=4262Kb
 bounds [0x0000024ea0c00000, 0x0000024ea0e70000, 0x0000024ea11a0000]
 total_blobs=2251 nmethods=1779 adapters=382
 compilation: enabled
              stopped_count=0, restarted_count=0
 full_count=0

Compilation events (20 events):
Event: 0.775 Thread 0x0000024eb04cd460 1775   !   3       java.lang.ref.NativeReferenceQueue::enqueue (20 bytes)
Event: 0.775 Thread 0x0000024eb04cd460 nmethod 1775 0x0000024e99a4f010 code [0x0000024e99a4f1c0, 0x0000024e99a4f428]
Event: 0.775 Thread 0x0000024eb04cd460 1776       3       java.lang.ref.NativeReferenceQueue::signal (8 bytes)
Event: 0.775 Thread 0x0000024eb04cd460 nmethod 1776 0x0000024e99a4f590 code [0x0000024e99a4f720, 0x0000024e99a4f868]
Event: 0.775 Thread 0x0000024eb04cd460 1769       3       java.util.concurrent.locks.ReentrantLock$Sync::isHeldExclusively (16 bytes)
Event: 0.775 Thread 0x0000024eb04cd460 nmethod 1769 0x0000024e99a4f910 code [0x0000024e99a4faa0, 0x0000024e99a4fc40]
Event: 0.775 Thread 0x0000024eb04cd460 1770   !   3       java.lang.ref.ReferenceQueue::enqueue (32 bytes)
Event: 0.776 Thread 0x0000024eb04cd460 nmethod 1770 0x0000024e99a4fd10 code [0x0000024e99a4ff40, 0x0000024e99a508b8]
Event: 0.776 Thread 0x0000024eb04cd460 1777       3       java.util.concurrent.ConcurrentHashMap::remove (8 bytes)
Event: 0.776 Thread 0x0000024eb04cd460 nmethod 1777 0x0000024e99a50c10 code [0x0000024e99a50da0, 0x0000024e99a50f00]
Event: 0.776 Thread 0x0000024eb04cd460 1771       3       java.lang.ref.ReferenceQueue::signal (10 bytes)
Event: 0.776 Thread 0x0000024eb04cd460 nmethod 1771 0x0000024e99a50f90 code [0x0000024e99a51160, 0x0000024e99a51588]
Event: 0.776 Thread 0x0000024eb04cd460 1772       3       java.util.concurrent.locks.AbstractQueuedSynchronizer$ConditionObject::signalAll (34 bytes)
Event: 0.776 Thread 0x0000024eb04cd460 nmethod 1772 0x0000024e99a51790 code [0x0000024e99a51960, 0x0000024e99a51cc8]
Event: 0.776 Thread 0x0000024eb04cd460 1773       3       java.util.concurrent.locks.ReentrantLock$NonfairSync::tryAcquire (27 bytes)
Event: 0.776 Thread 0x0000024eb50113e0 nmethod 1766 0x0000024ea1237910 code [0x0000024ea1237a80, 0x0000024ea1237c78]
Event: 0.776 Thread 0x0000024eb50113e0 1767       4       java.util.concurrent.locks.ReentrantLock::unlock (10 bytes)
Event: 0.776 Thread 0x0000024eb04cd460 nmethod 1773 0x0000024e99a51e10 code [0x0000024e99a51fc0, 0x0000024e99a52260]
Event: 0.777 Thread 0x0000024eb50113e0 nmethod 1767 0x0000024ea1237d90 code [0x0000024ea1237f20, 0x0000024ea1238120]
Event: 0.872 Thread 0x0000024eb532fd70 nmethod 1701 0x0000024ea1238610 code [0x0000024ea1238b00, 0x0000024ea123eee8]

GC Heap History (4 events):
Event: 0.410 GC heap before
{Heap before GC invocations=0 (full 0):
 garbage-first heap   total 251904K, used 20480K [0x000000070a400000, 0x0000000800000000)
  region size 2048K, 11 young (22528K), 0 survivors (0K)
 Metaspace       used 3471K, committed 3712K, reserved 1114112K
  class space    used 390K, committed 512K, reserved 1048576K
}
Event: 0.414 GC heap after
{Heap after GC invocations=1 (full 0):
 garbage-first heap   total 251904K, used 6574K [0x000000070a400000, 0x0000000800000000)
  region size 2048K, 2 young (4096K), 2 survivors (4096K)
 Metaspace       used 3471K, committed 3712K, reserved 1114112K
  class space    used 390K, committed 512K, reserved 1048576K
}
Event: 0.772 GC heap before
{Heap before GC invocations=1 (full 0):
 garbage-first heap   total 251904K, used 31150K [0x000000070a400000, 0x0000000800000000)
  region size 2048K, 14 young (28672K), 2 survivors (4096K)
 Metaspace       used 9205K, committed 9408K, reserved 1114112K
  class space    used 1128K, committed 1216K, reserved 1048576K
}
Event: 0.775 GC heap after
{Heap after GC invocations=2 (full 0):
 garbage-first heap   total 251904K, used 8736K [0x000000070a400000, 0x0000000800000000)
  region size 2048K, 1 young (2048K), 1 survivors (2048K)
 Metaspace       used 9205K, committed 9408K, reserved 1114112K
  class space    used 1128K, committed 1216K, reserved 1048576K
}

Dll operation events (8 events):
Event: 0.008 Loaded shared library C:\Program Files\Java\jdk-20\bin\java.dll
Event: 0.008 Loaded shared library C:\Program Files\Java\jdk-20\bin\zip.dll
Event: 0.015 Loaded shared library C:\Program Files\Java\jdk-20\bin\jsvml.dll
Event: 0.111 Loaded shared library C:\Program Files\Java\jdk-20\bin\instrument.dll
Event: 0.127 Loaded shared library C:\Program Files\Java\jdk-20\bin\net.dll
Event: 0.128 Loaded shared library C:\Program Files\Java\jdk-20\bin\nio.dll
Event: 0.133 Loaded shared library C:\Program Files\Java\jdk-20\bin\zip.dll
Event: 0.225 Loaded shared library C:\Program Files\Java\jdk-20\bin\jimage.dll

Deoptimization events (20 events):
Event: 0.766 Thread 0x0000024e9163caa0 DEOPT PACKING pc=0x0000024e99843774 sp=0x000000515d5fc7b0
Event: 0.766 Thread 0x0000024e9163caa0 DEOPT UNPACKING pc=0x0000024ea0c6a4c2 sp=0x000000515d5fbc78 mode 1
Event: 0.766 Thread 0x0000024e9163caa0 DEOPT PACKING pc=0x0000024e9984326c sp=0x000000515d5fc840
Event: 0.766 Thread 0x0000024e9163caa0 DEOPT UNPACKING pc=0x0000024ea0c6a4c2 sp=0x000000515d5fbd18 mode 1
Event: 0.766 Thread 0x0000024e9163caa0 DEOPT PACKING pc=0x0000024e99803dd1 sp=0x000000515d5fbd30
Event: 0.766 Thread 0x0000024e9163caa0 DEOPT UNPACKING pc=0x0000024ea0c6a4c2 sp=0x000000515d5fb188 mode 1
Event: 0.766 Thread 0x0000024e9163caa0 DEOPT PACKING pc=0x0000024e998037c4 sp=0x000000515d5fbdc0
Event: 0.766 Thread 0x0000024e9163caa0 DEOPT UNPACKING pc=0x0000024ea0c6a4c2 sp=0x000000515d5fb268 mode 1
Event: 0.766 Thread 0x0000024e9163caa0 DEOPT PACKING pc=0x0000024e99843774 sp=0x000000515d5fc7b0
Event: 0.766 Thread 0x0000024e9163caa0 DEOPT UNPACKING pc=0x0000024ea0c6a4c2 sp=0x000000515d5fbc78 mode 1
Event: 0.766 Thread 0x0000024e9163caa0 DEOPT PACKING pc=0x0000024e9984326c sp=0x000000515d5fc840
Event: 0.766 Thread 0x0000024e9163caa0 DEOPT UNPACKING pc=0x0000024ea0c6a4c2 sp=0x000000515d5fbd18 mode 1
Event: 0.775 Thread 0x0000024eb04bff70 Uncommon trap: trap_request=0xffffff45 fr.pc=0x0000024ea1211ad0 relative=0x0000000000000150
Event: 0.775 Thread 0x0000024eb04bff70 Uncommon trap: reason=unstable_if action=reinterpret pc=0x0000024ea1211ad0 method=java.util.concurrent.locks.ReentrantLock$NonfairSync.initialTryLock()Z @ 10 c2
Event: 0.775 Thread 0x0000024eb04bff70 DEOPT PACKING pc=0x0000024ea1211ad0 sp=0x000000515dcff590
Event: 0.775 Thread 0x0000024eb04bff70 DEOPT UNPACKING pc=0x0000024ea0c69d22 sp=0x000000515dcff538 mode 2
Event: 0.775 Thread 0x0000024e9163caa0 DEOPT PACKING pc=0x0000024e997e9875 sp=0x000000515d5fd2c0
Event: 0.775 Thread 0x0000024e9163caa0 DEOPT UNPACKING pc=0x0000024ea0c6a4c2 sp=0x000000515d5fc758 mode 0
Event: 10.019 Thread 0x0000024e9163caa0 DEOPT PACKING pc=0x0000024e99a4b6d4 sp=0x000000515d5fcfd0
Event: 10.019 Thread 0x0000024e9163caa0 DEOPT UNPACKING pc=0x0000024ea0c6a4c2 sp=0x000000515d5fc488 mode 0

Classes loaded (20 events):
Event: 0.778 Loading class org/junit/jupiter/api/extension/ParameterContext
Event: 0.778 Loading class org/junit/jupiter/api/extension/ParameterContext done
Event: 0.778 Loading class org/junit/jupiter/engine/execution/ConstructorInvocation
Event: 0.778 Loading class org/junit/jupiter/engine/execution/ConstructorInvocation done
Event: 0.779 Loading class org/junit/jupiter/engine/execution/InterceptingExecutableInvoker$ReflectiveInterceptorCall
Event: 0.779 Loading class org/junit/jupiter/engine/execution/InterceptingExecutableInvoker$ReflectiveInterceptorCall done
Event: 0.779 Loading class org/junit/jupiter/engine/execution/InvocationInterceptorChain$InterceptorCall
Event: 0.779 Loading class org/junit/jupiter/engine/execution/InvocationInterceptorChain$InterceptorCall done
Event: 0.779 Loading class org/junit/jupiter/api/extension/InvocationInterceptor
Event: 0.779 Loading class org/junit/jupiter/api/extension/InvocationInterceptor done
Event: 0.779 Loading class org/junit/jupiter/engine/execution/InterceptingExecutableInvoker$ReflectiveInterceptorCall
Event: 0.779 Loading class org/junit/jupiter/engine/execution/InterceptingExecutableInvoker$ReflectiveInterceptorCall done
Event: 0.779 Loading class org/junit/jupiter/engine/execution/InvocationInterceptorChain$ValidatingInvocation
Event: 0.779 Loading class org/junit/jupiter/engine/execution/InvocationInterceptorChain$ValidatingInvocation done
Event: 0.780 Loading class java/util/ArrayList$ListItr
Event: 0.780 Loading class java/util/ArrayList$ListItr done
Event: 0.780 Loading class org/junit/jupiter/engine/execution/InvocationInterceptorChain$InterceptedInvocation
Event: 0.780 Loading class org/junit/jupiter/engine/execution/InvocationInterceptorChain$InterceptedInvocation done
Event: 10.153 Loading class com/intellij/rt/debugger/BatchEvaluatorServer
Event: 10.153 Loading class com/intellij/rt/debugger/BatchEvaluatorServer done

Classes unloaded (0 events):
No events

Classes redefined (0 events):
No events

Internal exceptions (20 events):
Event: 0.463 Thread 0x0000024e9163caa0 Exception <a 'java/lang/NoSuchMethodError'{0x0000000719759a78}: 'void java.lang.invoke.DirectMethodHandle$Holder.invokeStaticInit(java.lang.Object)'> (0x0000000719759a78) 
thrown [s\open\src\hotspot\share\interpreter\linkResolver.cpp, line 773]
Event: 0.478 Thread 0x0000024e9163caa0 Exception <a 'java/lang/NoSuchMethodError'{0x00000007194711e8}: 'int java.lang.invoke.DirectMethodHandle$Holder.invokeStaticInit(java.lang.Object, java.lang.Object)'> (0x00000007194711e8) 
thrown [s\open\src\hotspot\share\interpreter\linkResolver.cpp, line 773]
Event: 0.534 Thread 0x0000024e9163caa0 Exception <a 'java/lang/NoSuchMethodError'{0x000000071900d0b0}: 'java.lang.Object java.lang.invoke.DirectMethodHandle$Holder.invokeSpecial(java.lang.Object, java.lang.Object, java.lang.Object, long, java.lang.Object)'> (0x000000071900d0b0) 
thrown [s\open\src\hotspot\share\interpreter\linkResolver.cpp, line 773]
Event: 0.534 Thread 0x0000024e9163caa0 Exception <a 'java/lang/NoSuchMethodError'{0x0000000719010cb0}: 'java.lang.Object java.lang.invoke.Invokers$Holder.linkToTargetMethod(java.lang.Object, long, java.lang.Object, java.lang.Object)'> (0x0000000719010cb0) 
thrown [s\open\src\hotspot\share\interpreter\linkResolver.cpp, line 773]
Event: 0.546 Thread 0x0000024e9163caa0 Exception <a 'java/lang/ClassNotFoundException'{0x000000071908f760}: javax/smartcardio/CardPermission> (0x000000071908f760) 
thrown [s\open\src\hotspot\share\classfile\systemDictionary.cpp, line 305]
Event: 0.548 Thread 0x0000024e9163caa0 Exception <a 'java/io/FileNotFoundException'{0x00000007190a0870}> (0x00000007190a0870) 
thrown [s\open\src\hotspot\share\prims\jni.cpp, line 519]
Event: 0.568 Thread 0x0000024e9163caa0 Implicit null exception at 0x0000024ea1207e73 to 0x0000024ea1208ed0
Event: 0.616 Thread 0x0000024e9163caa0 Exception <a 'java/lang/NoSuchMethodError'{0x0000000718dd2210}: 'int java.lang.invoke.DirectMethodHandle$Holder.invokeStaticInit(java.lang.Object, java.lang.Object, java.lang.Object)'> (0x0000000718dd2210) 
thrown [s\open\src\hotspot\share\interpreter\linkResolver.cpp, line 773]
Event: 0.631 Thread 0x0000024e9163caa0 Exception <a 'java/lang/NoSuchMethodError'{0x0000000718af54b8}: 'int java.lang.invoke.DirectMethodHandle$Holder.invokeInterface(java.lang.Object, java.lang.Object)'> (0x0000000718af54b8) 
thrown [s\open\src\hotspot\share\interpreter\linkResolver.cpp, line 773]
Event: 0.648 Thread 0x0000024e9163caa0 Exception <a 'java/lang/NoSuchMethodError'{0x0000000718bfb4c0}: 'void java.lang.invoke.DirectMethodHandle$Holder.invokeStatic(java.lang.Object, java.lang.Object)'> (0x0000000718bfb4c0) 
thrown [s\open\src\hotspot\share\interpreter\linkResolver.cpp, line 773]
Event: 0.648 Thread 0x0000024e9163caa0 Exception <a 'java/lang/NoSuchMethodError'{0x0000000718bfead8}: 'void java.lang.invoke.DirectMethodHandle$Holder.invokeStaticInit(java.lang.Object, java.lang.Object)'> (0x0000000718bfead8) 
thrown [s\open\src\hotspot\share\interpreter\linkResolver.cpp, line 773]
Event: 0.712 Thread 0x0000024e9163caa0 Exception <a 'java/lang/NoSuchMethodError'{0x00000007184250a8}: 'int java.lang.invoke.DirectMethodHandle$Holder.invokeSpecial(java.lang.Object, java.lang.Object, java.lang.Object, java.lang.Object)'> (0x00000007184250a8) 
thrown [s\open\src\hotspot\share\interpreter\linkResolver.cpp, line 773]
Event: 0.715 Thread 0x0000024e9163caa0 Exception <a 'java/lang/NoSuchMethodError'{0x0000000718444d30}: 'int java.lang.invoke.DirectMethodHandle$Holder.invokeSpecial(java.lang.Object, java.lang.Object, java.lang.Object, java.lang.Object, java.lang.Object)'> (0x0000000718444d30) 
thrown [s\open\src\hotspot\share\interpreter\linkResolver.cpp, line 773]
Event: 0.716 Thread 0x0000024e9163caa0 Exception <a 'java/lang/NoSuchMethodError'{0x00000007184544a8}: 'void java.lang.invoke.DirectMethodHandle$Holder.invokeVirtual(java.lang.Object, java.lang.Object)'> (0x00000007184544a8) 
thrown [s\open\src\hotspot\share\interpreter\linkResolver.cpp, line 773]
Event: 0.765 Thread 0x0000024e9163caa0 Exception <a 'java/lang/NoSuchMethodError'{0x0000000717f9c9b8}: 'int java.lang.invoke.Invokers$Holder.invokeExact_MT(java.lang.Object, java.lang.Object)'> (0x0000000717f9c9b8) 
thrown [s\open\src\hotspot\share\interpreter\linkResolver.cpp, line 773]
Event: 0.769 Thread 0x0000024e9163caa0 Exception <a 'java/lang/NoSuchMethodError'{0x0000000717fe3728}: 'int java.lang.invoke.DirectMethodHandle$Holder.invokeVirtual(java.lang.Object, java.lang.Object, java.lang.Object)'> (0x0000000717fe3728) 
thrown [s\open\src\hotspot\share\interpreter\linkResolver.cpp, line 773]
Event: 0.776 Thread 0x0000024e9163caa0 Exception <a 'java/lang/NoSuchMethodError'{0x000000071983df00}: 'java.lang.Object java.lang.invoke.DirectMethodHandle$Holder.newInvokeSpecial(java.lang.Object, java.lang.Object, java.lang.Object, java.lang.Object, java.lang.Object, java.lang.Object, java.lang.Object)'> (0x000000071983df00) 
thrown [s\open\src\hotspot\share\interpreter\linkResolver.cpp, line 773]
Event: 0.778 Thread 0x0000024e9163caa0 Exception <a 'java/lang/NoSuchMethodError'{0x000000071984f440}: 'java.lang.Object java.lang.invoke.DirectMethodHandle$Holder.invokeInterface(java.lang.Object, java.lang.Object, java.lang.Object, java.lang.Object, java.lang.Object)'> (0x000000071984f440) 
thrown [s\open\src\hotspot\share\interpreter\linkResolver.cpp, line 773]
Event: 0.778 Thread 0x0000024e9163caa0 Exception <a 'java/lang/IncompatibleClassChangeError'{0x0000000719852f68}: Found class java.lang.Object, but interface was expected> (0x0000000719852f68) 
thrown [s\open\src\hotspot\share\interpreter\linkResolver.cpp, line 840]
Event: 10.153 Thread 0x0000024e9163caa0 Exception <a 'java/lang/ClassNotFoundException'{0x000000071987f8d8}: com/intellij/rt/debugger/BatchEvaluatorServer> (0x000000071987f8d8) 
thrown [s\open\src\hotspot\share\classfile\systemDictionary.cpp, line 305]

VM Operations (20 events):
Event: 0.683 Executing VM operation: ICBufferFull done
Event: 0.701 Executing VM operation: HandshakeAllThreads
Event: 0.701 Executing VM operation: HandshakeAllThreads done
Event: 0.772 Executing VM operation: G1CollectForAllocation
Event: 0.775 Executing VM operation: G1CollectForAllocation done
Event: 0.780 Executing VM operation: HandshakeAllThreads
Event: 0.780 Executing VM operation: HandshakeAllThreads done
Event: 0.794 Executing VM operation: get/set locals
Event: 0.794 Executing VM operation: get/set locals done
Event: 10.018 Executing VM operation: ChangeSingleStep
Event: 10.018 Executing VM operation: ChangeSingleStep done
Event: 10.019 Executing VM operation: ChangeSingleStep
Event: 10.019 Executing VM operation: ChangeSingleStep done
Event: 10.067 Executing VM operation: get/set locals
Event: 10.067 Executing VM operation: get/set locals done
Event: 10.102 Executing VM operation: get/set locals
Event: 10.102 Executing VM operation: get/set locals done
Event: 10.102 Executing VM operation: get/set locals
Event: 10.102 Executing VM operation: get/set locals done
Event: 161.298 Executing VM operation: ChangeBreakpoints

Events (17 events):
Event: 0.015 Thread 0x0000024e9163caa0 Thread added: 0x0000024e9163caa0
Event: 0.024 Thread 0x0000024eb04bff70 Thread added: 0x0000024eb04bff70
Event: 0.025 Thread 0x0000024eb04c0b70 Thread added: 0x0000024eb04c0b70
Event: 0.025 Thread 0x0000024eb04c4120 Thread added: 0x0000024eb04c4120
Event: 0.025 Thread 0x0000024eb04c5a70 Thread added: 0x0000024eb04c5a70
Event: 0.025 Thread 0x0000024eb04c64e0 Thread added: 0x0000024eb04c64e0
Event: 0.025 Thread 0x0000024eb04c7c90 Thread added: 0x0000024eb04c7c90
Event: 0.025 Thread 0x0000024eb50113e0 Thread added: 0x0000024eb50113e0
Event: 0.025 Thread 0x0000024eb04cd460 Thread added: 0x0000024eb04cd460
Event: 0.078 Thread 0x0000024eb50f9420 Thread added: 0x0000024eb50f9420
Event: 0.094 Thread 0x0000024eb51aa020 Thread added: 0x0000024eb51aa020
Event: 0.094 Thread 0x0000024eb51aeab0 Thread added: 0x0000024eb51aeab0
Event: 0.094 Thread 0x0000024eb51bd950 Thread added: 0x0000024eb51bd950
Event: 0.120 Thread 0x0000024eb51fbd20 Thread added: 0x0000024eb51fbd20
Event: 0.160 Thread 0x0000024eb532fd70 Thread added: 0x0000024eb532fd70
Event: 5.881 Thread 0x0000024eb532fd70 Thread exited: 0x0000024eb532fd70
Event: 161.298 Thread 0x0000024eb51bd950 Thread exited: 0x0000024eb51bd950


Dynamic libraries:
0x00007ff600080000 - 0x00007ff600090000 	C:\Program Files\Java\jdk-20\bin\java.exe
0x00007ff8687b0000 - 0x00007ff8689c7000 	C:\WINDOWS\SYSTEM32\ntdll.dll
0x00007ff866fc0000 - 0x00007ff867084000 	C:\WINDOWS\System32\KERNEL32.DLL
0x00007ff866090000 - 0x00007ff866436000 	C:\WINDOWS\System32\KERNELBASE.dll
0x00007ff865af0000 - 0x00007ff865c01000 	C:\WINDOWS\System32\ucrtbase.dll
0x00007ff83ed30000 - 0x00007ff83ed4b000 	C:\Program Files\Java\jdk-20\bin\VCRUNTIME140.dll
0x00007ff83e6d0000 - 0x00007ff83e6e9000 	C:\Program Files\Java\jdk-20\bin\jli.dll
0x00007ff867310000 - 0x00007ff8673c3000 	C:\WINDOWS\System32\ADVAPI32.dll
0x00007ff8671d0000 - 0x00007ff867277000 	C:\WINDOWS\System32\msvcrt.dll
0x00007ff867790000 - 0x00007ff867838000 	C:\WINDOWS\System32\sechost.dll
0x00007ff865de0000 - 0x00007ff865e08000 	C:\WINDOWS\System32\bcrypt.dll
0x00007ff866500000 - 0x00007ff866617000 	C:\WINDOWS\System32\RPCRT4.dll
0x00007ff866860000 - 0x00007ff866a0e000 	C:\WINDOWS\System32\USER32.dll
0x00007ff864d60000 - 0x00007ff864ff3000 	C:\WINDOWS\WinSxS\amd64_microsoft.windows.common-controls_6595b64144ccf1df_6.0.22621.2506_none_270c5ae97388e100\COMCTL32.dll
0x00007ff865c10000 - 0x00007ff865c36000 	C:\WINDOWS\System32\win32u.dll
0x00007ff866f90000 - 0x00007ff866fb9000 	C:\WINDOWS\System32\GDI32.dll
0x00007ff865cc0000 - 0x00007ff865dd8000 	C:\WINDOWS\System32\gdi32full.dll
0x00007ff865ff0000 - 0x00007ff86608a000 	C:\WINDOWS\System32\msvcp_win.dll
0x00007ff862840000 - 0x00007ff86284a000 	C:\WINDOWS\SYSTEM32\VERSION.dll
0x00007ff867090000 - 0x00007ff8670c1000 	C:\WINDOWS\System32\IMM32.DLL
0x00007ff843560000 - 0x00007ff84356c000 	C:\Program Files\Java\jdk-20\bin\vcruntime140_1.dll
0x00007ff8277c0000 - 0x00007ff82784e000 	C:\Program Files\Java\jdk-20\bin\msvcp140.dll
0x00007ff800d80000 - 0x00007ff801a17000 	C:\Program Files\Java\jdk-20\bin\server\jvm.dll
0x00007ff84d930000 - 0x00007ff84d939000 	C:\WINDOWS\SYSTEM32\WSOCK32.dll
0x00007ff85dbc0000 - 0x00007ff85dbf4000 	C:\WINDOWS\SYSTEM32\WINMM.dll
0x00007ff867290000 - 0x00007ff867301000 	C:\WINDOWS\System32\WS2_32.dll
0x00007ff864450000 - 0x00007ff864468000 	C:\WINDOWS\SYSTEM32\kernel.appcore.dll
0x00007ff8434b0000 - 0x00007ff8434ba000 	C:\Program Files\Java\jdk-20\bin\jimage.dll
0x00007ff8653f0000 - 0x00007ff865623000 	C:\WINDOWS\SYSTEM32\DBGHELP.DLL
0x00007ff8673d0000 - 0x00007ff867759000 	C:\WINDOWS\System32\combase.dll
0x00007ff866ca0000 - 0x00007ff866d77000 	C:\WINDOWS\System32\OLEAUT32.dll
0x00007ff8652d0000 - 0x00007ff865302000 	C:\WINDOWS\SYSTEM32\dbgcore.DLL
0x00007ff865c40000 - 0x00007ff865cba000 	C:\WINDOWS\System32\bcryptPrimitives.dll
0x00007ff83ae80000 - 0x00007ff83aebc000 	C:\Program Files\Java\jdk-20\bin\jdwp.dll
0x00007ff84a630000 - 0x00007ff84a63e000 	C:\Program Files\Java\jdk-20\bin\instrument.dll
0x00007ff836db0000 - 0x00007ff836dd6000 	C:\Program Files\Java\jdk-20\bin\java.dll
0x00007ff828930000 - 0x00007ff828948000 	C:\Program Files\Java\jdk-20\bin\zip.dll
0x00007ff8099a0000 - 0x00007ff809a77000 	C:\Program Files\Java\jdk-20\bin\jsvml.dll
0x00007ff867840000 - 0x00007ff86809b000 	C:\WINDOWS\System32\SHELL32.dll
0x00007ff862c70000 - 0x00007ff863566000 	C:\WINDOWS\SYSTEM32\windows.storage.dll
0x00007ff862b30000 - 0x00007ff862c6e000 	C:\WINDOWS\SYSTEM32\wintypes.dll
0x00007ff8670d0000 - 0x00007ff8671c3000 	C:\WINDOWS\System32\SHCORE.dll
0x00007ff8680a0000 - 0x00007ff8680fe000 	C:\WINDOWS\System32\shlwapi.dll
0x00007ff865a20000 - 0x00007ff865a46000 	C:\WINDOWS\SYSTEM32\profapi.dll
0x00007ff847a60000 - 0x00007ff847a6c000 	C:\Program Files\Java\jdk-20\bin\dt_socket.dll
0x00007ff863ed0000 - 0x00007ff863efd000 	C:\WINDOWS\SYSTEM32\IPHLPAPI.DLL
0x00007ff864900000 - 0x00007ff864969000 	C:\WINDOWS\system32\mswsock.dll
0x00007ff83e6b0000 - 0x00007ff83e6c3000 	C:\Program Files\Java\jdk-20\bin\net.dll
0x00007ff85e3e0000 - 0x00007ff85e517000 	C:\WINDOWS\SYSTEM32\WINHTTP.dll
0x00007ff82ad60000 - 0x00007ff82ad76000 	C:\Program Files\Java\jdk-20\bin\nio.dll

dbghelp: loaded successfully - version: 4.0.5 - missing functions: none
symbol engine: initialized successfully - sym options: 0x614 - pdb path: .;C:\Program Files\Java\jdk-20\bin;C:\WINDOWS\SYSTEM32;C:\WINDOWS\WinSxS\amd64_microsoft.windows.common-controls_6595b64144ccf1df_6.0.22621.2506_none_270c5ae97388e100;C:\Program Files\Java\jdk-20\bin\server

VM Arguments:
jvm_args: -agentlib:jdwp=transport=dt_socket,address=127.0.0.1:59106,suspend=y,server=n -ea -Didea.test.cyclic.buffer.size=1048576 -javaagent:C:\Users\ittra\AppData\Local\JetBrains\IntelliJIdea2023.2\captureAgent\debugger-agent.jar -Dfile.encoding=UTF-8 -Dsun.stdout.encoding=UTF-8 -Dsun.stderr.encoding=UTF-8 
java_command: com.intellij.rt.junit.JUnitStarter -ideVersion5 -junit5 com.example.prj.ItemRepositoryTest,findAllData
java_class_path (initial): C:\Users\ittra\.m2\repository\org\junit\platform\junit-platform-launcher\1.9.3\junit-platform-launcher-1.9.3.jar;C:\Program Files\JetBrains\IntelliJ IDEA 2023.2.2\lib\idea_rt.jar;C:\Program Files\JetBrains\IntelliJ IDEA 2023.2.2\plugins\junit\lib\junit5-rt.jar;C:\Program Files\JetBrains\IntelliJ IDEA 2023.2.2\plugins\junit\lib\junit-rt.jar;C:\Users\ittra\Downloads\CanvasVista-main\CanvasVista-main\Backend\suvam\target\test-classes;C:\Users\ittra\Downloads\CanvasVista-main\CanvasVista-main\Backend\suvam\target\classes;C:\Users\ittra\.m2\repository\org\springframework\boot\spring-boot-starter-validation\3.1.4\spring-boot-starter-validation-3.1.4.jar;C:\Users\ittra\.m2\repository\org\springframework\boot\spring-boot-starter\3.1.4\spring-boot-starter-3.1.4.jar;C:\Users\ittra\.m2\repository\org\springframework\boot\spring-boot\3.1.4\spring-boot-3.1.4.jar;C:\Users\ittra\.m2\repository\org\springframework\boot\spring-boot-autoconfigure\3.1.4\spring-boot-autoconfigure-3.1.4.jar;C:\Users\ittra\.m2\repository\org\springframework\boot\spring-boot-starter-logging\3.1.4\spring-boot-starter-logging-3.1.4.jar;C:\Users\ittra\.m2\repository\ch\qos\logback\logback-classic\1.4.11\logback-classic-1.4.11.jar;C:\Users\ittra\.m2\repository\ch\qos\logback\logback-core\1.4.11\logback-core-1.4.11.jar;C:\Users\ittra\.m2\repository\org\apache\logging\log4j\log4j-to-slf4j\2.20.0\log4j-to-slf4j-2.20.0.jar;C:\Users\ittra\.m2\repository\org\apache\logging\log4j\log4j-api\2.20.0\log4j-api-2.20.0.jar;C:\Users\ittra\.m2\repository\org\slf4j\jul-to-slf4j\2.0.9\jul-to-slf4j-2.0.9.jar;C:\Users\ittra\.m2\repository\jakarta\annotation\jakarta.annotation-api\2.1.1\jakarta.annotation-api-2.1.1.jar;C:\Users\ittra\.m2\repository\org\yaml\snakeyaml\1.33\snakeyaml-1.33.jar;C:\Users\ittra\.m2\repository\org\apache\tomcat\embed\tomcat-embed-el\10.1.13\tomcat-embed-el-10.1.13.jar;C:\Users\ittra\.m2\repository\org\hibernate\validator\hibernate-validator\8.0.1.Final\hibernate-validator-8.0.1.Final.jar;C:\Users\ittra\.m2\repository\org\jboss\logging\jboss-logging\3.5.3.Final\jboss-logging-3.5.3.Final.jar;C:\Users\ittra\.m2\repository\com\fasterxml\classmate\1.5.1\classmate-1.5.1.jar;C:\Users\ittra\.m2\repository\org\springframework\boot\spring-boot-starter-data-jpa\3.1.4\spring-boot-starter-data-jpa-3.1.4.jar;C:\Users\ittra\.m2\repository\org\springframework\boot\spring-boot-starter-aop\3.1.4\spring-boot-starter-aop-3.1.4.jar;C:\Users\ittra\.m2\repository\org\aspectj\aspectjweaver\1.9.20\aspectjweaver-1.9.20.jar;C:\Users\ittra\.m2\repository\org\springframework\boot\spring-boot-starter-jdbc\3.1.4\spring-boot-starter-jdbc-3.1.4.jar;C:\Users\ittra\.m2\repository\com\zaxxer\HikariCP\5.0.1\HikariCP-5.0.1.jar;C:\Users\ittra\.m2\repository\org\springframework\spring-jdbc\6.0.12\spring-jdbc-6.0.12.jar;C:\Users\ittra\.m2\repository\org\hibernate\orm\hibernate-core\6.2.9.Final\hibernate-core-6.2.9.Final.jar;C:\Users\ittra\.m2\repository\jakarta\persistence\jakarta.persistence-api\3.1.0\jakarta.persistence-api-3.1.0.jar;C:\Users\ittra\.m2\repository\jakarta\transaction\jakarta.transaction-api\2.0.1\jakarta.transaction-api-2.0.1.jar;C:\Users\ittra\.m2\repository\org\hibernate\common\hibernate-commons-annotations\6.0.6.Final\hibernate-commons-annotations-6.0.6.Final.jar;C:\Users\ittra\.m2\repository\io\smallrye\jandex\3.0.5\jandex-3.0.5.jar;C:\Users\ittra\.m2\repository\net\bytebuddy\byte-buddy\1.14.8\byte-buddy-1.14.8.jar;C:\Users\ittra\.m2\repository\org\glassfish\jaxb\jaxb-runtime\4.0.3\jaxb-runtime-4.0.3.jar;C:\Users\ittra\.m2\repository\org\glassfish\jaxb\jaxb-core\4.0.3\jaxb-core-4.0.3.jar;C:\Users\ittra\.m2\repository\org\eclipse\angus\angus-activation\2.0.1\angus-activation-2.0.1.jar;C:\Users\ittra\.m2\repository\org\glassfish\jaxb\txw2\4.0.3\txw2-4.0.3.jar;C:\Users\ittra\.m2\repository\com\sun\istack\istack-commons-runtime\4.1.2\istack-commons-runtime-4.1.2.jar;C:\Users\ittra\.m2\repository\jakarta\inject\jakarta.inject-api\2.0.1\jakarta.inject-api-2.0.1.jar;C:\Users\ittra\.m2\repository\org\antlr\antlr4-runtime\4.10.1\antlr4-runtime-4.10.1.jar;C:\Users\ittra\.m2\repository\org\springframework\data\spring-data-jpa\3.1.4\spring-data-jpa-3.1.4.jar;C:\Users\ittra\.m2\repository\org\springframework\data\spring-data-commons\3.1.4\spring-data-commons-3.1.4.jar;C:\Users\ittra\.m2\repository\org\springframework\spring-orm\6.0.12\spring-orm-6.0.12.jar;C:\Users\ittra\.m2\repository\org\springframework\spring-tx\6.0.12\spring-tx-6.0.12.jar;C:\Users\ittra\.m2\repository\org\slf4j\slf4j-api\2.0.9\slf4j-api-2.0.9.jar;C:\Users\ittra\.m2\repository\org\springframework\spring-aspects\6.0.12\spring-aspects-6.0.12.jar;C:\Users\ittra\.m2\repository\org\springframework\boot\spring-boot-starter-thymeleaf\3.1.4\spring-boot-starter-thymeleaf-3.1.4.jar;C:\Users\ittra\.m2\repository\org\thymeleaf\thymeleaf-spring6\3.1.2.RELEASE\thymeleaf-spring6-3.1.2.RELEASE.jar;C:\Users\ittra\.m2\repository\org\thymeleaf\thymeleaf\3.1.2.RELEASE\thymeleaf-3.1.2.RELEASE.jar;C:\Users\ittra\.m2\repository\org\attoparser\attoparser\2.0.7.RELEASE\attoparser-2.0.7.RELEASE.jar;C:\Users\ittra\.m2\repository\org\unbescape\unbescape\1.1.6.RELEASE\unbescape-1.1.6.RELEASE.jar;C:\Users\ittra\.m2\repository\org\springframework\boot\spring-boot-starter-web\3.1.4\spring-boot-starter-web-3.1.4.jar;C:\Users\ittra\.m2\repository\org\springframework\boot\spring-boot-starter-json\3.1.4\spring-boot-starter-json-3.1.4.jar;C:\Users\ittra\.m2\repository\com\fasterxml\jackson\datatype\jackson-datatype-jdk8\2.15.2\jackson-datatype-jdk8-2.15.2.jar;C:\Users\ittra\.m2\repository\com\fasterxml\jackson\datatype\jackson-datatype-jsr310\2.15.2\jackson-datatype-jsr310-2.15.2.jar;C:\Users\ittra\.m2\repository\com\fasterxml\jackson\module\jackson-module-parameter-names\2.15.2\jackson-module-parameter-names-2.15.2.jar;C:\Users\ittra\.m2\repository\org\springframework\boot\spring-boot-starter-tomcat\3.1.4\spring-boot-starter-tomcat-3.1.4.jar;C:\Users\ittra\.m2\repository\org\apache\tomcat\embed\tomcat-embed-core\10.1.13\tomcat-embed-core-10.1.13.jar;C:\Users\ittra\.m2\repository\org\apache\tomcat\embed\tomcat-embed-websocket\10.1.13\tomcat-embed-websocket-10.1.13.jar;C:\Users\ittra\.m2\repository\org\springframework\spring-web\6.0.12\spring-web-6.0.12.jar;C:\Users\ittra\.m2\repository\org\springframework\spring-webmvc\6.0.12\spring-webmvc-6.0.12.jar;C:\Users\ittra\.m2\repository\org\postgresql\postgresql\42.6.0\postgresql-42.6.0.jar;C:\Users\ittra\.m2\repository\org\checkerframework\checker-qual\3.31.0\checker-qual-3.31.0.jar;C:\Users\ittra\.m2\repository\org\projectlombok\lombok\1.18.30\lombok-1.18.30.jar;C:\Users\ittra\.m2\repository\org\springframework\boot\spring-boot-starter-test\3.1.4\spring-boot-starter-test-3.1.4.jar;C:\Users\ittra\.m2\repository\org\springframework\boot\spring-boot-test\3.1.4\spring-boot-test-3.1.4.jar;C:\Users\ittra\.m2\repository\org\springframework\boot\spring-boot-test-autoconfigure\3.1.4\spring-boot-test-autoconfigure-3.1.4.jar;C:\Users\ittra\.m2\repository\com\jayway\jsonpath\json-path\2.8.0\json-path-2.8.0.jar;C:\Users\ittra\.m2\repository\jakarta\xml\bind\jakarta.xml.bind-api\4.0.1\jakarta.xml.bind-api-4.0.1.jar;C:\Users\ittra\.m2\repository\jakarta\activation\jakarta.activation-api\2.1.2\jakarta.activation-api-2.1.2.jar;C:\Users\ittra\.m2\repository\net\minidev\json-smart\2.4.11\json-smart-2.4.11.jar;C:\Users\ittra\.m2\repository\net\minidev\accessors-smart\2.4.11\accessors-smart-2.4.11.jar;C:\Users\ittra\.m2\repository\org\ow2\asm\asm\9.3\asm-9.3.jar;C:\Users\ittra\.m2\repository\org\assertj\assertj-core\3.24.2\assertj-core-3.24.2.jar;C:\Users\ittra\.m2\repository\org\hamcrest\hamcrest\2.2\hamcrest-2.2.jar;C:\Users\ittra\.m2\repository\org\junit\jupiter\junit-jupiter\5.9.3\junit-jupiter-5.9.3.jar;C:\Users\ittra\.m2\repository\org\junit\jupiter\junit-jupiter-api\5.9.3\junit-jupiter-api-5.9.3.jar;C:\Users\ittra\.m2\repository\org\opentest4j\opentest4j\1.2.0\opentest4j-1.2.0.jar;C:\Users\ittra\.m2\repository\org\junit\platform\junit-platform-commons\1.9.3\junit-platform-commons-1.9.3.jar;C:\Users\ittra\.m2\repository\org\apiguardian\apiguardian-api\1.1.2\apiguardian-api-1.1.2.jar;C:\Users\ittra\.m2\repository\org\junit\jupiter\junit-jupiter-params\5.9.3\junit-jupiter-params-5.9.3.jar;C:\Users\ittra\.m2\repository\org\junit\jupiter\junit-jupiter-engine\5.9.3\junit-jupiter-engine-5.9.3.jar;C:\Users\ittra\.m2\repository\org\junit\platform\junit-platform-engine\1.9.3\junit-platform-engine-1.9.3.jar;C:\Users\ittra\.m2\repository\org\mockito\mockito-core\5.3.1\mockito-core-5.3.1.jar;C:\Users\ittra\.m2\repository\net\bytebuddy\byte-buddy-agent\1.14.8\byte-buddy-agent-1.14.8.jar;C:\Users\ittra\.m2\repository\org\objenesis\objenesis\3.3\objenesis-3.3.jar;C:\Users\ittra\.m2\repository\org\mockito\mockito-junit-jupiter\5.3.1\mockito-junit-jupiter-5.3.1.jar;C:\Users\ittra\.m2\repository\org\skyscreamer\jsonassert\1.5.1\jsonassert-1.5.1.jar;C:\Users\ittra\.m2\repository\com\vaadin\external\google\android-json\0.0.20131108.vaadin1\android-json-0.0.20131108.vaadin1.jar;C:\Users\ittra\.m2\repository\org\springframework\spring-core\6.0.12\spring-core-6.0.12.jar;C:\Users\ittra\.m2\repository\org\springframework\spring-jcl\6.0.12\spring-jcl-6.0.12.jar;C:\Users\ittra\.m2\repository\org\springframework\spring-test\6.0.12\spring-test-6.0.12.jar;C:\Users\ittra\.m2\repository\org\xmlunit\xmlunit-core\2.9.1\xmlunit-core-2.9.1.jar;C:\Users\ittra\.m2\repository\jakarta\validation\jakarta.validation-api\3.0.2\jakarta.validation-api-3.0.2.jar;C:\Users\ittra\.m2\repository\org\springframework\boot\spring-boot-starter-security\3.1.4\spring-boot-starter-security-3.1.4.jar;C:\Users\ittra\.m2\repository\org\springframework\spring-aop\6.0.12\spring-aop-6.0.12.jar;C:\Users\ittra\.m2\repository\org\springframework\security\spring-security-config\6.1.4\spring-security-config-6.1.4.jar;C:\Users\ittra\.m2\repository\org\springframework\security\spring-security-web\6.1.4\spring-security-web-6.1.4.jar;C:\Users\ittra\.m2\repository\org\springframework\security\spring-security-core\6.1.4\spring-security-core-6.1.4.jar;C:\Users\ittra\.m2\repository\org\springframework\security\spring-security-crypto\6.1.4\spring-security-crypto-6.1.4.jar;C:\Users\ittra\.m2\repository\org\springframework\spring-beans\6.0.12\spring-beans-6.0.12.jar;C:\Users\ittra\.m2\repository\org\springframework\spring-context\6.0.12\spring-context-6.0.12.jar;C:\Users\ittra\.m2\repository\org\springframework\spring-expression\6.0.12\spring-expression-6.0.12.jar;C:\Users\ittra\.m2\repository\io\micrometer\micrometer-observation\1.11.4\micrometer-observation-1.11.4.jar;C:\Users\ittra\.m2\repository\io\micrometer\micrometer-commons\1.11.4\micrometer-commons-1.11.4.jar;C:\Users\ittra\.m2\repository\io\jsonwebtoken\jjwt-api\0.11.5\jjwt-api-0.11.5.jar;C:\Users\ittra\.m2\repository\io\jsonwebtoken\jjwt-impl\0.11.5\jjwt-impl-0.11.5.jar;C:\Users\ittra\.m2\repository\io\jsonwebtoken\jjwt-jackson\0.11.5\jjwt-jackson-0.11.5.jar;C:\Users\ittra\.m2\repository\com\fasterxml\jackson\core\jackson-databind\2.15.2\jackson-databind-2.15.2.jar;C:\Users\ittra\.m2\repository\com\fasterxml\jackson\core\jackson-annotations\2.15.2\jackson-annotations-2.15.2.jar;C:\Users\ittra\.m2\repository\com\fasterxml\jackson\core\jackson-core\2.15.2\jackson-core-2.15.2.jar;C:\Users\ittra\.m2\repository\com\h2database\h2\2.1.214\h2-2.1.214.jar
Launcher Type: SUN_STANDARD

[Global flags]
     intx CICompilerCount                          = 4                                         {product} {ergonomic}
     uint ConcGCThreads                            = 3                                         {product} {ergonomic}
     uint G1ConcRefinementThreads                  = 10                                        {product} {ergonomic}
   size_t G1HeapRegionSize                         = 2097152                                   {product} {ergonomic}
    uintx GCDrainStackTargetSize                   = 64                                        {product} {ergonomic}
   size_t InitialHeapSize                          = 257949696                                 {product} {ergonomic}
   size_t MarkStackSize                            = 4194304                                   {product} {ergonomic}
   size_t MaxHeapSize                              = 4123000832                                {product} {ergonomic}
   size_t MaxNewSize                               = 2472542208                                {product} {ergonomic}
   size_t MinHeapDeltaBytes                        = 2097152                                   {product} {ergonomic}
   size_t MinHeapSize                              = 8388608                                   {product} {ergonomic}
    uintx NonNMethodCodeHeapSize                   = 5839372                                {pd product} {ergonomic}
    uintx NonProfiledCodeHeapSize                  = 122909434                              {pd product} {ergonomic}
    uintx ProfiledCodeHeapSize                     = 122909434                              {pd product} {ergonomic}
    uintx ReservedCodeCacheSize                    = 251658240                              {pd product} {ergonomic}
     bool SegmentedCodeCache                       = true                                      {product} {ergonomic}
   size_t SoftMaxHeapSize                          = 4123000832                             {manageable} {ergonomic}
     bool UseCompressedClassPointers               = true                           {product lp64_product} {ergonomic}
     bool UseCompressedOops                        = true                           {product lp64_product} {ergonomic}
     bool UseG1GC                                  = true                                      {product} {ergonomic}
     bool UseLargePagesIndividualAllocation        = false                                  {pd product} {ergonomic}

Logging:
Log output configuration:
 #0: stdout all=warning uptime,level,tags foldmultilines=false
 #1: stderr all=off uptime,level,tags foldmultilines=false

Environment Variables:
PATH=C:\Program Files\OpenLogic\jdk-17.0.6.10-hotspot\bin;C:\Program Files\Common Files\Oracle\Java\javapath;C:\Program Files\Python311\Scripts\;C:\Program Files\Python311\;C:\Windows\system32;C:\Windows;C:\Windows\System32\Wbem;C:\Windows\System32\WindowsPowerShell\v1.0\;C:\Windows\System32\OpenSSH\;C:\Program Files (x86)\NVIDIA Corporation\PhysX\Common;C:\Program Files\NVIDIA Corporation\NVIDIA NvDLISR;C:\WINDOWS\system32;C:\WINDOWS;C:\WINDOWS\System32\Wbem;C:\WINDOWS\System32\WindowsPowerShell\v1.0\;C:\WINDOWS\System32\OpenSSH\;C:\Program Files\Git\cmd;C:\Program Files\dotnet\;C:\Program Files\PostgreSQL\15\bin;C:\Program Files\nodejs\;C:\Program Files\MySQL\MySQL Shell 8.0\bin\;C:\Users\ittra\AppData\Local\Microsoft\WindowsApps;C:\Users\ittra\AppData\Local\Programs\Microsoft VS Code\bin;C:\flutter\bin;C:\Program Files\JetBrains\IntelliJ IDEA 2023.2.2\bin;;C:\Program Files\PostgreSQL\15\bin;C:\Users\ittra\AppData\Roaming\npm;C:\Program Files\Python311\Scripts;
USERNAME=User
OS=Windows_NT
PROCESSOR_IDENTIFIER=AMD64 Family 25 Model 80 Stepping 0, AuthenticAMD
TMP=C:\Users\ittra\AppData\Local\Temp
TEMP=C:\Users\ittra\AppData\Local\Temp




---------------  S Y S T E M  ---------------

OS:
 Windows 11 , 64 bit Build 22621 (10.0.22621.3085)
OS uptime: 0 days 23:48 hours

CPU: total 12 (initial active 12) (12 cores per cpu, 2 threads per core) family 25 model 80 stepping 0 microcode 0x0, cx8, cmov, fxsr, ht, mmx, 3dnowpref, sse, sse2, sse3, ssse3, sse4a, sse4.1, sse4.2, popcnt, lzcnt, tsc, tscinvbit, avx, avx2, aes, erms, clmul, bmi1, bmi2, adx, sha, fma, vzeroupper, clflush, clflushopt, rdtscp, rdpid, fsrm, f16c, pku, cet_ss

Memory: 4k page, system-wide physical 15724M (5771M free)
TotalPageFile size 20844M (AvailPageFile size 5732M)
current process WorkingSet (physical memory assigned to process): 93M, peak: 109M
current process commit charge ("private bytes"): 357M, peak: 370M

vm_info: Java HotSpot(TM) 64-Bit Server VM (20+36-2344) for windows-amd64 JRE (20+36-2344), built on 2023-02-10T19:30:15Z by "mach5one" with MS VC++ 17.1 (VS2022)

END.
